C:\USERS\SOPHIE\DOCUMENTS\GITHUB\TPAD\SRC\DEVICEAPP\X64\RELEASE\FEATURETRACKING.EXE
C:\USERS\SOPHIE\DOCUMENTS\GITHUB\TPAD\SRC\DEVICEAPP\X64\RELEASE\FEATURETRACKING.PDB
C:\Users\sophie\Documents\GitHub\tPad\Src\featureTracking\FeatureTracking\FeatureTracking\x64\Release\cl.command.1.tlog
C:\Users\sophie\Documents\GitHub\tPad\Src\featureTracking\FeatureTracking\FeatureTracking\x64\Release\CL.read.1.tlog
C:\Users\sophie\Documents\GitHub\tPad\Src\featureTracking\FeatureTracking\FeatureTracking\x64\Release\CL.write.1.tlog
C:\USERS\SOPHIE\DOCUMENTS\GITHUB\TPAD\SRC\FEATURETRACKING\FEATURETRACKING\FEATURETRACKING\X64\RELEASE\FEATURETRACKING.EXE.INTERMEDIATE.MANIFEST
C:\USERS\SOPHIE\DOCUMENTS\GITHUB\TPAD\SRC\FEATURETRACKING\FEATURETRACKING\FEATURETRACKING\X64\RELEASE\FEATURETRACKING.OBJ
C:\USERS\SOPHIE\DOCUMENTS\GITHUB\TPAD\SRC\FEATURETRACKING\FEATURETRACKING\FEATURETRACKING\X64\RELEASE\FEATURETRACKING.PCH
C:\Users\sophie\Documents\GitHub\tPad\Src\featureTracking\FeatureTracking\FeatureTracking\x64\Release\link.command.1.tlog
C:\Users\sophie\Documents\GitHub\tPad\Src\featureTracking\FeatureTracking\FeatureTracking\x64\Release\link.read.1.tlog
C:\Users\sophie\Documents\GitHub\tPad\Src\featureTracking\FeatureTracking\FeatureTracking\x64\Release\link.write.1.tlog
C:\Users\sophie\Documents\GitHub\tPad\Src\featureTracking\FeatureTracking\FeatureTracking\x64\Release\mt.command.1.tlog
C:\Users\sophie\Documents\GitHub\tPad\Src\featureTracking\FeatureTracking\FeatureTracking\x64\Release\mt.read.1.tlog
C:\Users\sophie\Documents\GitHub\tPad\Src\featureTracking\FeatureTracking\FeatureTracking\x64\Release\mt.write.1.tlog
C:\USERS\SOPHIE\DOCUMENTS\GITHUB\TPAD\SRC\FEATURETRACKING\FEATURETRACKING\FEATURETRACKING\X64\RELEASE\PAPERREGISTRATION.OBJ
C:\USERS\SOPHIE\DOCUMENTS\GITHUB\TPAD\SRC\FEATURETRACKING\FEATURETRACKING\FEATURETRACKING\X64\RELEASE\STDAFX.OBJ
C:\USERS\SOPHIE\DOCUMENTS\GITHUB\TPAD\SRC\FEATURETRACKING\FEATURETRACKING\FEATURETRACKING\X64\RELEASE\VC100.PDB
C:\USERS\SOPHIE\PROJECT\FEATURETRACKING\FEATURETRACKING\FEATURETRACKING\X64\RELEASE\FEATURETRACKING.OBJ
C:\USERS\SOPHIE\PROJECT\FEATURETRACKING\FEATURETRACKING\FEATURETRACKING\X64\RELEASE\FEATURETRACKING.PCH
C:\USERS\SOPHIE\PROJECT\FEATURETRACKING\FEATURETRACKING\FEATURETRACKING\X64\RELEASE\STDAFX.OBJ
C:\USERS\SOPHIE\PROJECT\FEATURETRACKING\FEATURETRACKING\FEATURETRACKING\X64\RELEASE\VC100.PDB
